INFO  09:38:22 Application started. Press Ctrl+C to shut down.
INFO  09:38:22 Application started. Press Ctrl+C to shut down.
INFO  09:38:22 Hosting environment: Development
INFO  09:38:22 Hosting environment: Development
INFO  09:38:22 Content root path: D:\GencHonors\.NET\PMS\Pension-Management-Portal-main\Pension-Management-Portal-master\AuthorizationAPI
INFO  09:38:22 Content root path: D:\GencHonors\.NET\PMS\Pension-Management-Portal-main\Pension-Management-Portal-master\AuthorizationAPI
INFO  09:38:37 Login initiated!
INFO  09:38:37 Validating the User!
INFO  08:18:18 Application started. Press Ctrl+C to shut down.
INFO  08:18:18 Application started. Press Ctrl+C to shut down.
INFO  08:18:18 Hosting environment: Development
INFO  08:18:18 Hosting environment: Development
INFO  08:18:18 Content root path: D:\GencHonors\.NET\PMS\Pension-Management-Portal-main\Pension-Management-Portal-master\AuthorizationAPI
INFO  08:18:18 Content root path: D:\GencHonors\.NET\PMS\Pension-Management-Portal-main\Pension-Management-Portal-master\AuthorizationAPI
INFO  08:19:21 Login initiated!
INFO  08:19:42 Validating the User!
INFO  08:20:44 Login initiated!
INFO  08:20:52 Validating the User!
INFO  08:23:20 Application started. Press Ctrl+C to shut down.
INFO  08:23:20 Application started. Press Ctrl+C to shut down.
INFO  08:23:20 Hosting environment: Development
INFO  08:23:20 Hosting environment: Development
INFO  08:23:20 Content root path: D:\GencHonors\.NET\PMS\Pension-Management-Portal-main\Pension-Management-Portal-master\AuthorizationAPI
INFO  08:23:20 Content root path: D:\GencHonors\.NET\PMS\Pension-Management-Portal-main\Pension-Management-Portal-master\AuthorizationAPI
INFO  08:23:41 Login initiated!
INFO  08:23:41 Validating the User!
INFO  08:23:41 Token Is Generated!
INFO  08:33:02 Application started. Press Ctrl+C to shut down.
INFO  08:33:02 Application started. Press Ctrl+C to shut down.
INFO  08:33:02 Hosting environment: Development
INFO  08:33:02 Hosting environment: Development
INFO  08:33:02 Content root path: D:\GencHonors\.NET\PMS\Pension-Management-Portal-main\Pension-Management-Portal-master\AuthorizationAPI
INFO  08:33:02 Content root path: D:\GencHonors\.NET\PMS\Pension-Management-Portal-main\Pension-Management-Portal-master\AuthorizationAPI
INFO  08:33:23 Login initiated!
INFO  08:33:23 Validating the User!
INFO  08:33:23 Token Is Generated!
INFO  11:51:36 Application started. Press Ctrl+C to shut down.
INFO  11:51:36 Application started. Press Ctrl+C to shut down.
INFO  11:51:36 Hosting environment: Development
INFO  11:51:36 Hosting environment: Development
INFO  11:51:36 Content root path: D:\GencHonors\.NET\PMS\Pension-Management-Portal-main\Pension-Management-Portal-master\AuthorizationAPI
INFO  11:51:36 Content root path: D:\GencHonors\.NET\PMS\Pension-Management-Portal-main\Pension-Management-Portal-master\AuthorizationAPI
INFO  12:14:50 Application started. Press Ctrl+C to shut down.
INFO  12:14:50 Application started. Press Ctrl+C to shut down.
INFO  12:14:50 Hosting environment: Development
INFO  12:14:50 Hosting environment: Development
INFO  12:14:50 Content root path: D:\GencHonors\.NET\PMS\Pension-Management-Portal-main\Pension-Management-Portal-master\AuthorizationAPI
INFO  12:14:50 Content root path: D:\GencHonors\.NET\PMS\Pension-Management-Portal-main\Pension-Management-Portal-master\AuthorizationAPI
INFO  02:52:32 Application started. Press Ctrl+C to shut down.
INFO  02:52:32 Application started. Press Ctrl+C to shut down.
INFO  02:52:32 Hosting environment: Development
INFO  02:52:32 Hosting environment: Development
INFO  02:52:32 Content root path: D:\GencHonors\.NET\PMS\Pension-Management-Portal-main\Pension-Management-Portal-master\AuthorizationAPI
INFO  02:52:32 Content root path: D:\GencHonors\.NET\PMS\Pension-Management-Portal-main\Pension-Management-Portal-master\AuthorizationAPI
INFO  02:54:11 Login initiated!
INFO  02:54:11 Validating the User!
INFO  02:54:11 Token Is Generated!
INFO  02:59:01 Login initiated!
INFO  02:59:01 Validating the User!
INFO  02:59:01 Token Is Generated!
INFO  03:04:18 Application started. Press Ctrl+C to shut down.
INFO  03:04:18 Application started. Press Ctrl+C to shut down.
INFO  03:04:18 Hosting environment: Development
INFO  03:04:18 Hosting environment: Development
INFO  03:04:18 Content root path: D:\GencHonors\.NET\PMS\Pension-Management-Portal-main\Pension-Management-Portal-master\AuthorizationAPI
INFO  03:04:18 Content root path: D:\GencHonors\.NET\PMS\Pension-Management-Portal-main\Pension-Management-Portal-master\AuthorizationAPI
INFO  03:05:06 Login initiated!
INFO  03:05:06 Validating the User!
INFO  03:05:06 Token Is Generated!
INFO  03:15:07 Application started. Press Ctrl+C to shut down.
INFO  03:15:07 Application started. Press Ctrl+C to shut down.
INFO  03:15:07 Hosting environment: Development
INFO  03:15:07 Hosting environment: Development
INFO  03:15:07 Content root path: D:\GencHonors\.NET\PMS\Pension-Management-Portal-main\Pension-Management-Portal-master\AuthorizationAPI
INFO  03:15:07 Content root path: D:\GencHonors\.NET\PMS\Pension-Management-Portal-main\Pension-Management-Portal-master\AuthorizationAPI
INFO  03:20:23 Login initiated!
INFO  03:20:23 Validating the User!
INFO  03:20:23 Token Is Generated!
INFO  04:22:26 Application started. Press Ctrl+C to shut down.
INFO  04:22:26 Application started. Press Ctrl+C to shut down.
INFO  04:22:26 Hosting environment: Development
INFO  04:22:26 Hosting environment: Development
INFO  04:22:26 Content root path: D:\GencHonors\.NET\PMS\Pension-Management-Portal-main\Pension-Management-Portal-master\AuthorizationAPI
INFO  04:22:26 Content root path: D:\GencHonors\.NET\PMS\Pension-Management-Portal-main\Pension-Management-Portal-master\AuthorizationAPI
INFO  04:22:37 Login initiated!
INFO  04:22:37 Validating the User!
INFO  04:22:37 Token Is Generated!
INFO  07:02:39 Application started. Press Ctrl+C to shut down.
INFO  07:02:39 Application started. Press Ctrl+C to shut down.
INFO  07:02:39 Hosting environment: Development
INFO  07:02:39 Hosting environment: Development
INFO  07:02:39 Content root path: D:\GencHonors\.NET\PMS\Pension-Management-Portal-main\Pension-Management-Portal-master\AuthorizationAPI
INFO  07:02:39 Content root path: D:\GencHonors\.NET\PMS\Pension-Management-Portal-main\Pension-Management-Portal-master\AuthorizationAPI
INFO  07:06:35 Application started. Press Ctrl+C to shut down.
INFO  07:06:35 Application started. Press Ctrl+C to shut down.
INFO  07:06:35 Hosting environment: Development
INFO  07:06:35 Hosting environment: Development
INFO  07:06:35 Content root path: D:\GencHonors\.NET\PMS\Pension-Management-Portal-main\Pension-Management-Portal-master\AuthorizationAPI
INFO  07:06:35 Content root path: D:\GencHonors\.NET\PMS\Pension-Management-Portal-main\Pension-Management-Portal-master\AuthorizationAPI
INFO  07:18:09 Login initiated!
INFO  07:18:09 Validating the User!
INFO  07:18:09 Token Is Generated!
INFO  07:48:14 Application started. Press Ctrl+C to shut down.
INFO  07:48:14 Application started. Press Ctrl+C to shut down.
INFO  07:48:14 Hosting environment: Development
INFO  07:48:14 Hosting environment: Development
INFO  07:48:14 Content root path: D:\GencHonors\.NET\PMS\Pension-Management-Portal-main\Pension-Management-Portal-master\AuthorizationAPI
INFO  07:48:14 Content root path: D:\GencHonors\.NET\PMS\Pension-Management-Portal-main\Pension-Management-Portal-master\AuthorizationAPI
INFO  08:36:23 Application started. Press Ctrl+C to shut down.
INFO  08:36:23 Application started. Press Ctrl+C to shut down.
INFO  08:36:23 Hosting environment: Development
INFO  08:36:23 Hosting environment: Development
INFO  08:36:23 Content root path: D:\GencHonors\.NET\PMS\Pension-Management-Portal-main\Pension-Management-Portal-master\AuthorizationAPI
INFO  08:36:23 Content root path: D:\GencHonors\.NET\PMS\Pension-Management-Portal-main\Pension-Management-Portal-master\AuthorizationAPI
INFO  08:36:41 Login initiated!
INFO  08:36:41 Validating the User!
INFO  08:37:09 Token Is Generated!
INFO  09:09:00 Application started. Press Ctrl+C to shut down.
INFO  09:09:00 Application started. Press Ctrl+C to shut down.
INFO  09:09:00 Hosting environment: Development
INFO  09:09:00 Hosting environment: Development
INFO  09:09:00 Content root path: C:\Genc_honors_Project\Pension_Management_System_893457\AuthorizationAPI
INFO  09:09:00 Content root path: C:\Genc_honors_Project\Pension_Management_System_893457\AuthorizationAPI
INFO  09:10:05 Login initiated!
INFO  09:10:05 Validating the User!
INFO  09:10:15 Token Is Generated!
INFO  11:55:26 Application started. Press Ctrl+C to shut down.
INFO  11:55:26 Application started. Press Ctrl+C to shut down.
INFO  11:55:26 Hosting environment: Development
INFO  11:55:26 Hosting environment: Development
INFO  11:55:26 Content root path: C:\Genc_honors_Project\Pension_Management_System_893457\AuthorizationAPI
INFO  11:55:26 Content root path: C:\Genc_honors_Project\Pension_Management_System_893457\AuthorizationAPI
INFO  11:55:42 Login initiated!
INFO  11:55:42 Validating the User!
INFO  11:56:41 Application started. Press Ctrl+C to shut down.
INFO  11:56:41 Application started. Press Ctrl+C to shut down.
INFO  11:56:41 Hosting environment: Development
INFO  11:56:41 Hosting environment: Development
INFO  11:56:41 Content root path: C:\Genc_honors_Project\Pension_Management_System_893457\AuthorizationAPI
INFO  11:56:41 Content root path: C:\Genc_honors_Project\Pension_Management_System_893457\AuthorizationAPI
INFO  11:56:58 Login initiated!
INFO  11:56:58 Validating the User!
INFO  11:57:01 Token Is Generated!
INFO  12:22:49 Application started. Press Ctrl+C to shut down.
INFO  12:22:49 Application started. Press Ctrl+C to shut down.
INFO  12:22:49 Hosting environment: Development
INFO  12:22:49 Hosting environment: Development
INFO  12:22:49 Content root path: C:\Genc_honors_Project\Pension_Management_System_893457\AuthorizationAPI
INFO  12:22:49 Content root path: C:\Genc_honors_Project\Pension_Management_System_893457\AuthorizationAPI
INFO  09:21:37 Application started. Press Ctrl+C to shut down.
INFO  09:21:37 Application started. Press Ctrl+C to shut down.
INFO  09:21:37 Hosting environment: Development
INFO  09:21:37 Hosting environment: Development
INFO  09:21:37 Content root path: C:\Genc_honors_Project\Pension_Management_System_893457\AuthorizationAPI
INFO  09:21:37 Content root path: C:\Genc_honors_Project\Pension_Management_System_893457\AuthorizationAPI
INFO  09:21:38 Login initiated!
INFO  09:21:38 Validating the User!
INFO  09:21:43 Token Is Generated!
INFO  02:11:24 Application started. Press Ctrl+C to shut down.
INFO  02:11:24 Application started. Press Ctrl+C to shut down.
INFO  02:11:24 Hosting environment: Development
INFO  02:11:24 Hosting environment: Development
INFO  02:11:24 Content root path: C:\Genc_honors_Project\Pension_Management_System_893457\AuthorizationAPI
INFO  02:11:24 Content root path: C:\Genc_honors_Project\Pension_Management_System_893457\AuthorizationAPI
INFO  02:13:34 Login initiated!
INFO  02:13:34 Validating the User!
INFO  02:13:41 Token Is Generated!
INFO  02:15:14 Login initiated!
INFO  02:15:14 Validating the User!
INFO  02:15:14 Token Is Generated!
INFO  02:26:50 Application started. Press Ctrl+C to shut down.
INFO  02:26:50 Application started. Press Ctrl+C to shut down.
INFO  02:26:50 Hosting environment: Development
INFO  02:26:50 Hosting environment: Development
INFO  02:26:50 Content root path: C:\Genc_honors_Project\Pension_Management_System_893457\AuthorizationAPI
INFO  02:26:50 Content root path: C:\Genc_honors_Project\Pension_Management_System_893457\AuthorizationAPI
INFO  03:31:32 Application started. Press Ctrl+C to shut down.
INFO  03:31:32 Application started. Press Ctrl+C to shut down.
INFO  03:31:32 Hosting environment: Development
INFO  03:31:32 Hosting environment: Development
INFO  03:31:32 Content root path: C:\Genc_honors_Project\Pension_Management_System_893457\AuthorizationAPI
INFO  03:31:32 Content root path: C:\Genc_honors_Project\Pension_Management_System_893457\AuthorizationAPI
INFO  03:33:08 Login initiated!
INFO  03:33:08 Validating the User!
INFO  03:33:08 Token Is Generated!
INFO  04:42:19 Login initiated!
INFO  04:42:19 Validating the User!
INFO  04:42:19 Token Is Generated!
INFO  05:14:33 Login initiated!
INFO  05:14:33 Validating the User!
INFO  05:14:33 Token Is Generated!
INFO  05:36:15 Application started. Press Ctrl+C to shut down.
INFO  05:36:15 Application started. Press Ctrl+C to shut down.
INFO  05:36:15 Hosting environment: Development
INFO  05:36:15 Hosting environment: Development
INFO  05:36:15 Content root path: C:\Genc_honors_Project\Pension_Management_System_893457\AuthorizationAPI
INFO  05:36:15 Content root path: C:\Genc_honors_Project\Pension_Management_System_893457\AuthorizationAPI
INFO  05:36:34 Login initiated!
INFO  05:36:34 Validating the User!
INFO  05:36:34 Token Is Generated!
